[debug] [2023-10-19T18:24:17.225Z] ----------------------------------------------------------------------
[debug] [2023-10-19T18:24:17.226Z] Command:       /usr/local/bin/node /usr/local/bin/firebase init
[debug] [2023-10-19T18:24:17.226Z] CLI Version:   12.7.0
[debug] [2023-10-19T18:24:17.226Z] Platform:      darwin
[debug] [2023-10-19T18:24:17.226Z] Node Version:  v18.18.0
[debug] [2023-10-19T18:24:17.227Z] Time:          Thu Oct 19 2023 20:24:17 GMT+0200 (GMT+02:00)
[debug] [2023-10-19T18:24:17.227Z] ----------------------------------------------------------------------
[debug] 
[debug] [2023-10-19T18:24:17.230Z] > command requires scopes: ["email","openid","https://www.googleapis.com/auth/cloudplatformprojects.readonly","https://www.googleapis.com/auth/firebase","https://www.googleapis.com/auth/cloud-platform"]
[debug] [2023-10-19T18:24:17.230Z] > authorizing via signed-in user (piesky.company@gmail.com)
[info] 
     ######## #### ########  ######## ########     ###     ######  ########
     ##        ##  ##     ## ##       ##     ##  ##   ##  ##       ##
     ######    ##  ########  ######   ########  #########  ######  ######
     ##        ##  ##    ##  ##       ##     ## ##     ##       ## ##
     ##       #### ##     ## ######## ########  ##     ##  ######  ########

You're about to initialize a Firebase project in this directory:

  /Users/kuba/Desktop/Pixelify/pixelify

[info] 
=== Project Setup
[info] 
[info] First, let's associate this project directory with a Firebase project.
[info] You can create multiple project aliases by running firebase use --add, 
[info] but for now we'll just set up a default project.
[info] 
